 --------------------------------------------------------------------------

               Astra - A space charge tracking algorithm 
                             Version 3.2              
                         DESY,  Hamburg 2011          
                         15. 8.2025  10: 8

     Parameter file is:  injector400.in                                    
     trial                                                                           

 Initialize element settings:
 --------------------------------------------------------------------------
 WAKE:

 --------------------------------------------------------------------------
 Aperture:

     apertures number:   1 and   2 overlap!
     apertures number:   3 and   4 overlap!
     apertures number:   5 and   6 overlap!
     apertures number:   7 and   8 overlap!
 --------------------------------------------------------------------------
 Cavity:

     Reading cavity field data from:      HRRG_1D_RF.astra                                                                
     Cavity Frequency               f =    2.998     GHz
     maximum gradient                      120.0     MV/m
     at                                    0.000     m
     estimated average gradient            29.82     MV/m
     nominal phase                        -9.000     deg

     Reading cavity field data from:      TWS_S-DL.astra                                                                  
     Cavity Frequency               f =    2.998     GHz
     beta = 1 traveling wave structure
     TW Cell Length                        3.3333E-02 m
     Number of Cells                        60
     Phase Advance/Cell                     120.0     deg
     TW Section starts at                   1.194     m
     TW Section ends at                     3.293     m
     Max E-field                            21.00     MV/m
     at                                     1.243     m
     nominal phase                         -16.00     deg

 --------------------------------------------------------------------------
 Solenoid:

     Reading solenoid field data from:    HRRG_combined_sols_100mm_onaxis.astra                                           
     field smoothing is applied
     maximum |Bz| field                    0.3450     T
     at                                    0.1034     m
     integral Bz squared                   1.1189E-02 T^2m

     Reading solenoid field data from:    SwissFEL_linac_sols.astra                                                       
     field smoothing is applied
     maximum |Bz| field                    5.0000E-02 T
     at                                     1.700     m
     integral Bz squared                   1.6003E-03 T^2m

     Reading solenoid field data from:    SwissFEL_linac_sols.astra                                                       
     field smoothing is applied
     maximum |Bz| field                   -5.0000E-02 T
     at                                     2.700     m
     integral Bz squared                   1.6003E-03 T^2m

     solenoids number:   2 and   3 overlap
 --------------------------------------------------------------------------
 Dipole:

 --------------------------------------------------------------------------
    4096 particles from file laser_input.astra                                 

     Particles taken into account      N =       4096
     total charge                      Q =    -0.2500     nC
     horizontal beam position          x =     1.4710E-05 mm
     vertical beam position            y =     1.5514E-06 mm
     longitudinal beam position        z =      0.000     m
     horizontal beam size          sig x =     0.2430     mm
     vertical beam size            sig y =     0.2412     mm
     longitudinal beam size        sig z =      0.000     mm
     average kinetic energy            E =     2.0047E-07 MeV
     energy spread                    dE =     5.4419E-06 keV
     average momentum                  P =     4.5264E-04 MeV/c
     transverse beam emittance     eps x =     0.1250     pi mrad mm
     correlated divergence         cor x =    -2.3301E-02 mrad 
     transverse beam emittance     eps y =     0.1250     pi mrad mm
     correlated divergence         cor y =    -3.9129E-03 mrad
     longitudinal beam emittance   eps z =      0.000     pi keV mm
     correlated energy spread      cor z =      0.000     keV
     emittance ratio eps y/eps x         =      1.000    
     Reduced emittances: 
     hor. emittance minus z correlation:         =     0.1250     pi mrad mm
     hor. emittance minus z & E correlation:     =     0.1195     pi mrad mm
     ver. emittance minus z correlation:         =     0.1250     pi mrad mm
     ver. emittance minus z & E correlation:     =     0.1171     pi mrad mm
     long. emitance minus 2nd order corr.:       =      0.000     pi keV mm
     long. emitance minus 2nd & 3rd order corr.: =      0.000     pi keV mm
 --------------------------------------------------------------------------
     Start auto phasing: 
     Scan cavity number  :   1
        7 unstable trajectories out of   50
     Scan cavity number  :   2
        0 unstable trajectories out of   50

     Cavity phasing completed:
     Cavity number   Energy gain [MeV]  at  Phase [deg]
           1             4.704               235.36    
           2             31.10               66.856    
 --------------------------------------------------------------------------
 on axis tracking of the reference particle:
     initial position                  z =    0.000     m
                                       x =    0.000     mm
                                       y =    0.000     mm
     initial momentum                  p =   4.4254E-04 MeV/c
     global phase shift              phi =    0.000     deg
     time step for integration        dt =    70.00     ps
 --------------------------------------------------------------------------
 Online element settings:

 --------------------------------------------------------------------------

     particle reaches position         z =    3.297     m
     time of flight is                 t =    11.04     ns
     final momentum                    p =    35.08     MeV/c
     final phase (cavity 1)      phi_end =    274.0     deg
 --------------------------------------------------------------------------
 off axis tracking of the reference particle: 
     initial position                  z =    0.000     m
                                       x =   0.2430     mm
                                       y =   0.2412     mm

     final position                    x =   0.7393     mm
                                       y =  -0.4260     mm
     divergence                    px/pz =  -9.5736E-03 mrad
                                   py/pz =  -1.4051E-02 mrad
 --------------------------------------------------------------------------
 tracking of     4096 particles :
     tracking will stop at             z =    3.297     m

     space charge forces are INCLUDED
     cylindrical symmetric algorithm
 Error: No wake found
   3.02636127659574        1.25973666666667     

     final checkpoint at               z =    3.297     m
     total number of iteration steps:           552

     **********************************************************************

     Particles taken into account      N =       4096
     total charge                      Q =    -0.2500     nC
     horizontal beam position          x =    -6.7789E-03 mm
     vertical beam position            y =     2.6090E-03 mm
     longitudinal beam position        z =      3.297     m
     horizontal beam size          sig x =     0.9782     mm
     vertical beam size            sig y =     0.9736     mm
     longitudinal beam size        sig z =     0.5925     mm
     average kinetic energy            E =      34.52     MeV
     energy spread                    dE =      60.94     keV
     average momentum                  P =      35.03     MeV/c
     transverse beam emittance     eps x =      10.95     pi mrad mm
     correlated divergence         cor x =    -0.3819     mrad 
     transverse beam emittance     eps y =      11.05     pi mrad mm
     correlated divergence         cor y =    -0.3821     mrad
     longitudinal beam emittance   eps z =      4.341     pi keV mm
     correlated energy spread      cor z =     -60.50     keV
     emittance ratio eps y/eps x         =     0.9907    
     Reduced emittances: 
     hor. emittance minus z correlation:         =      4.521     pi mrad mm
     hor. emittance minus z & E correlation:     =      4.514     pi mrad mm
     ver. emittance minus z correlation:         =      4.468     pi mrad mm
     ver. emittance minus z & E correlation:     =      4.461     pi mrad mm
     long. emitance minus 2nd order corr.:       =      4.007     pi keV mm
     long. emitance minus 2nd & 3rd order corr.: =      2.335     pi keV mm

     Particle Statistics: 


     Total number of particles on stack     =       4096
     Electrons (total)                      =       4096
     particles at the cathode               =          0
     active particles                       =       4096
     passive particles (lost out of bunch)  =          0
     probe particles                        =          0
     backward traveling particles           =          0
     particles lost with z<Zmin             =          0
     particles lost due to cathode field    =          0
     particles lost on aperture             =          0

     **********************************************************************

     Emittance information saved to file    : injector400.Xemit.001         
     Emittance information saved to file    : injector400.Yemit.001         
     Emittance information saved to file    : injector400.Zemit.001         
     Ref. part. information saved to file   : injector400.ref.001           
     Phase-space distributions logged in    : injector400.Log.001           
     Correlation data saved to file         : injector400.Xemit2.001        
     Correlation data saved to file         : injector400.Yemit2.001        
     Correlation data saved to file         : injector400.Zemit2.001        

     **********************************************************************

     Error results saved to file            : injector400.Error.001         

     finished simulation  15. 8.2025     10:08
     execution time: 15.49 sec                         
     Goodbye.
 --------------------------------------------------------------------------
