Running elegant at Fri Aug 29 13:51:04 2025

This is elegant 2023.4, Oct 30 2024, by M. Borland, J. Calvey, M. Carla', N. Carmignani, AJ Dick, Z. Duan, M. Ehrlichman, L. Emery, W. Guo, N. Kuklev, R. Lindberg, V. Sajaev, R. Soliday, Y.-P. Sun, M. Wallbank, C.-X. Wang, Y. Wang, Y. Wu, and A. Xiao.
=====================================================================================
Thanks for using elegant.  Please cite the following reference in your publications:
  M. Borland, "elegant: A Flexible SDDS-Compliant Code for Accelerator Simulation,"
  Advanced Photon Source LS-287, September 2000.
If you use a modified version, please indicate this in all publications.
=====================================================================================
Link date: Oct 30 2024 20:42:20, SVN revision: 30188M
statistics:    ET:  00:00:0.000 CP:    0.00 BIO:0 DIO:0 PF:0 MEM:6997
&global_settings
    inhibit_fsync = 0,
    allow_overwrite = 1,
    echo_namelists = 1,
    mpi_randomization_mode = 3,
    exact_normalized_emittance = 0,
    SR_gaussian_limit = 3.000000000000000e+00,
    inhibit_seed_permutation = 0,
    log_file = {NULL},
    error_log_file = {NULL},
    share_tracking_based_matrices = 1,
    tracking_based_matrices_store_limit = 5000,
    parallel_tracking_based_matrices = 1,
    mpi_io_force_file_sync = 0,
    mpi_io_read_buffer_size = 16777216,
    mpi_io_write_buffer_size = 16777216,
    usleep_mpi_io_kludge = 0,
    tracking_matrix_step_factor = 1.000000000000000e+00,
    tracking_matrix_points = 9.000000000000000e+00,
    tracking_matrix_max_fit_order = 4.000000000000000e+00,
    tracking_matrix_step_size[0] = 5.000000000000000e-05, 5.000000000000000e-05, 5.000000000000000e-05, 
        5.000000000000000e-05, 5.000000000000000e-05, 5.000000000000000e-05,
    tracking_matrix_cleanup = 0,
    warning_limit = 10,
    malign_method = 0,
    slope_limit = 1.000000000000000e+00,
    coord_limit = 1.000000000000000e+01,
    search_path = {NULL},
&end
statistics:    ET:  00:00:0.001 CP:    0.00 BIO:0 DIO:0 PF:0 MEM:7002
&run_setup
    lattice = FODO.lte,
    use_beamline = FODO,
    rootname = {NULL},
    output = {NULL},
    centroid = %s.cen,
    bpm_centroid = {NULL},
    sigma = %s.sig,
    final = {NULL},
    acceptance = {NULL},
    losses = %s.loss,
    losses_include_global_coordinates = 0,
    losses_s_limit[0] = -1.797693134862316e+308, 1.797693134862316e+308,
    magnets = {NULL},
    profile = {NULL},
    semaphore_file = {NULL},
    parameters = {NULL},
    suppress_parameter_defaults = 0,
    rfc_reference_output = {NULL},
    combine_bunch_statistics = 0,
    wrap_around = 1,
    final_pass = 0,
    default_order = 3,
    concat_order = 0,
    print_statistics = 0,
    show_element_timing = 0,
    monitor_memory_usage = 0,
    random_number_seed = 987654321,
    correction_iterations = 1,
    echo_lattice = 0,
    p_central = 1.956951224468961e+03,
    p_central_mev = 0.000000000000000e+00,
    always_change_p0 = 1,
    load_balancing_on = 0,
    random_sequence_No = 1,
    expand_for = {NULL},
    tracking_updates = 1,
    search_path = {NULL},
    element_divisions = 0,
    back_tracking = 0,
    s_start = 0.000000000000000e+00,
&end
Seeding random number generators
length of beamline FODO per pass: 4.000000000000000e-01 m
statistics:    ET:  00:00:0.001 CP:    0.00 BIO:0 DIO:0 PF:0 MEM:7047
&run_control
    n_steps = 1,
    bunch_frequency = 0.000000000000000e+00,
    n_indices = 0,
    n_passes = 1,
    n_passes_fiducial = 0,
    terminate_on_failure = 0,
    reset_rf_for_each_step = 1,
    first_is_fiducial = 0,
    restrict_fiducialization = 0,
    reset_scattering_seed = 0,
&end
statistics:    ET:  00:00:0.001 CP:    0.00 BIO:0 DIO:0 PF:0 MEM:7047
&twiss_output
    filename = %s.twi,
    matched = 0,
    output_at_each_step = 0,
    output_before_tune_correction = 0,
    final_values_only = 0,
    statistics = 1,
    radiation_integrals = 1,
    beta_x = 9.720298341145311e+03,
    alpha_x = 1.605046664129801e-02,
    eta_x = -5.389153437613440e-06,
    etap_x = 2.546578966609658e-10,
    beta_y = 9.972185888084832e+03,
    alpha_y = -1.001262067575106e-02,
    eta_y = 0.000000000000000e+00,
    etap_y = 0.000000000000000e+00,
    reference_file = {NULL},
    reference_element = {NULL},
    reference_element_occurrence = 0,
    reflect_reference_values = 0,
    concat_order = 3,
    higher_order_chromaticity = 0,
    higher_order_chromaticity_points = 5,
    higher_order_chromaticity_range = 4.000000000000000e-04,
    quick_higher_order_chromaticity = 0,
    chromatic_tune_spread_half_range = 0.000000000000000e+00,
    cavities_are_drifts_if_matched = 1,
    compute_driving_terms = 0,
    leading_order_driving_terms_only = 0,
    s_dependent_driving_terms_file = {NULL},
    local_dispersion = 1,
    n_periods = 1,
&end
final Twiss parameters (chromaticity valid for fully second-order calculation only!):
         beta          alpha           nu           eta          eta'       dnu/d(dp/p)   dbeta/(dp/p)     accept.
          m                          1/2pi           m                         1/2pi            m          mm-mrad
--------------------------------------------------------------------------------------------------------------------
  x:  6.010771e+03  1.483159e+04  5.998304e-06 -4.237782e-06  1.045705e-05 -4.448125e-07  5.776182e+03  7.084583e+03
ave:  1.120789e+04  4.481297e+03               -5.745591e-06  2.864211e-06
min:  6.010771e+03 -2.421550e+04               -6.494130e-06 -1.114091e-05
max:  1.411516e+04  3.214004e+04               -4.237782e-06  1.529304e-05
  y:  7.864909e+03 -2.158074e+03  9.007102e-06  0.000000e+00  0.000000e+00 -4.484367e-06  4.830297e+03  1.002789e+04
ave:  7.312528e+03  2.627152e+03                0.000000e+00  0.000000e+00
min:  5.833414e+03 -9.036278e+03                0.000000e+00  0.000000e+00
max:  9.972186e+03  1.738948e+04                0.000000e+00  0.000000e+00
x acceptance limited to 7.084583e-03 by FODO_DRIFT_01 ending at 1.500000e-01 m
y acceptance limited to 1.002789e-02 by START ending at 0.000000e+00 m
statistics:    ET:  00:00:0.008 CP:    0.00 BIO:0 DIO:0 PF:0 MEM:7134
&floor_coordinates
    filename = %s.flr,
    X0 = 0.000000000000000e+00,
    Y0 = 0.000000000000000e+00,
    Z0 = 0.000000000000000e+00,
    theta0 = 0.000000000000000e+00,
    phi0 = 0.000000000000000e+00,
    psi0 = 0.000000000000000e+00,
    include_vertices = 0,
    vertices_only = 0,
    magnet_centers = 0,
    store_vertices = 0,
    store_centers = 0,
&end
statistics:    ET:  00:00:0.015 CP:    0.00 BIO:0 DIO:0 PF:0 MEM:7134
&matrix_output
    printout = {NULL},
    printout_order = 1,
    printout_format = "%22.15e ",
    full_matrix_only = 0,
    print_element_data = 1,
    mathematica_full_matrix = 0,
    mathematica_matrix_name = MFull,
    mathematica_matrix_file = {NULL},
    SDDS_output = %s.mat,
    SDDS_output_order = 2,
    individual_matrices = 0,
    output_at_each_step = 0,
    start_from = {NULL},
    start_from_occurence = 1,
    SDDS_output_match = {NULL},
&end
*** Warning: Some elements had no matrix. --- 3 elements had no matrix
statistics:    ET:  00:00:0.022 CP:    0.00 BIO:0 DIO:0 PF:0 MEM:7173
&sdds_beam
    input = FODO.sdds,
    input_list = {NULL},
    input_type = elegant,
    selection_parameter = {NULL},
    selection_string = {NULL},
    one_random_bunch = 0,
    n_particles_per_ring = 0,
    reuse_bunch = 1,
    prebunched = -1,
    track_pages_separately = 0,
    use_bunched_mode = 0,
    fiducialization_bunch = 0,
    sample_interval = 1,
    n_tables_to_skip = 0,
    center_transversely = 0,
    center_arrival_time = 0,
    reverse_t_sign = 0,
    sample_fraction = 1.000000000000000e+00,
    p_lower = 0.000000000000000e+00,
    p_upper = 0.000000000000000e+00,
    save_initial_coordinates = 1,
    n_duplicates = 0,
    duplicate_stagger[0] = 0.000000000000000e+00, 0.000000000000000e+00, 0.000000000000000e+00, 0.000000000000000e+00, 
        0.000000000000000e+00, 0.000000000000000e+00,
&end
statistics:    ET:  00:00:0.022 CP:    0.01 BIO:0 DIO:0 PF:0 MEM:7173
&track
    center_on_orbit = 0,
    center_momentum_also = 1,
    offset_by_orbit = 0,
    offset_momentum_also = 1,
    soft_failure = 1,
    use_linear_chromatic_matrix = 0,
    longitudinal_ring_only = 0,
    ibs_only = 0,
    stop_tracking_particle_limit = -1,
    check_beam_structure = 0,
    interrupt_file = %s.interrupt,
&end
Updating floor coordinates
tracking step 1
29 Aug 25 13:51:04: Starting to read beam from SDDS file.
Opening file "FODO.sdds"
File FODO.sdds opened and checked.
Read page 1 from file
0 particle ID slots per bunch
1000 rows in page 1
File FODO.sdds was used up and closed.
29 Aug 25 13:51:04: Done reading beam from SDDS file.
a total of 1000 data points were read

tracking 1000 particles
29 Aug 25 13:51:04: This step establishes energy profile vs s (fiducial beam).
29 Aug 25 13:51:04: Rf phases/references reset.
Dumping lost-particle data...
n_lost = 0
Dumping lost particles: n_to_track = 1000, n_lost = 0, n_particles = 1000
done.
Dumping centroid data...done.
Dumping sigma data...done.
Post-tracking output completed.
Tracking step completed   ET:  00:00:0.055 CP:    0.01 BIO:0 DIO:0 PF:0 MEM:7509


Finished tracking.
End of input data encountered.
statistics:    ET:  00:00:0.055 CP:    0.01 BIO:0 DIO:0 PF:0 MEM:7509

************************** Summary of warnings ****************************
1 types of warnings were recorded:
1* Some elements had no matrix.
*****************************************************************************

=====================================================================================
Thanks for using elegant.  Please cite the following reference in your publications:
  M. Borland, "elegant: A Flexible SDDS-Compliant Code for Accelerator Simulation,"
  Advanced Photon Source LS-287, September 2000.
If you use a modified version, please indicate this in all publications.
=====================================================================================
