 --------------------------------------------------------------------------

               Astra - A space charge tracking algorithm 
                             Version 3.2              
                         DESY,  Hamburg 2011          
                          1. 9.2025   5:29

     Parameter file is:  FODO.in                                           
     trial                                                                           

 Initialize element settings:
 --------------------------------------------------------------------------
 Quadrupole:

     quadrupole no.:        1         at =   5.0000E-02 m

     WARNING: fringe fields of quadrupole no.:    1 overlap
     peak gradient renormalized.

     quadrupole no.:        2         at =   0.2000     m

     WARNING: fringe fields of quadrupole no.:    2 overlap
     peak gradient renormalized.


          quadrupoles number:   1 and   2 overlap

     quadrupole no.:        3         at =   0.3500     m

     WARNING: fringe fields of quadrupole no.:    3 overlap
     peak gradient renormalized.


          quadrupoles number:   2 and   3 overlap

 --------------------------------------------------------------------------
    1000 particles from file FODO_input.astra                                  

     Particles taken into account      N =       1000
     total charge                      Q =     0.1000     nC
     horizontal beam position          x =    -0.2764     mm
     vertical beam position            y =    -0.1056     mm
     longitudinal beam position        z =     6.2581E-05 m
     horizontal beam size          sig x =      10.32     mm
     vertical beam size            sig y =      9.821     mm
     longitudinal beam size        sig z =     0.9927     mm
     average kinetic energy            E =      999.5     MeV
     energy spread                    dE =      1.051     keV
     average momentum                  P =      1000.     MeV/c
     transverse beam emittance     eps x =      20.20     pi mrad mm
     correlated divergence         cor x =     1.5645E-05 mrad 
     transverse beam emittance     eps y =      19.82     pi mrad mm
     correlated divergence         cor y =    -6.0564E-05 mrad
     longitudinal beam emittance   eps z =      1.043     pi keV mm
     correlated energy spread      cor z =     5.0687E-02 keV
     emittance ratio eps y/eps x         =      1.019    
     Reduced emittances: 
     hor. emittance minus z correlation:         =      20.18     pi mrad mm
     hor. emittance minus z & E correlation:     =      20.17     pi mrad mm
     ver. emittance minus z correlation:         =      19.81     pi mrad mm
     ver. emittance minus z & E correlation:     =      19.80     pi mrad mm
     long. emitance minus 2nd order corr.:       =      1.043     pi keV mm
     long. emitance minus 2nd & 3rd order corr.: =      1.042     pi keV mm
 --------------------------------------------------------------------------
     Start auto phasing: 

     Cavity phasing completed:
     Cavity number   Energy gain [MeV]  at  Phase [deg]
 --------------------------------------------------------------------------
 on axis tracking of the reference particle:
     initial position                  z =  -6.9858E-06 m
                                       x =   -2.033     mm
                                       y =   -1.507     mm
     initial momentum                  p =    1000.     MeV/c
     global phase shift              phi =    0.000     deg
     time step for integration        dt =    70.00     ps
 --------------------------------------------------------------------------
 Online element settings:

     gradient of quadrupole no.:   1     =   -66.71     T/m
     gradient of quadrupole no.:   2     =    133.4     T/m
     gradient of quadrupole no.:   3     =   -33.36     T/m
 --------------------------------------------------------------------------

     particle reaches position         z =   0.4000     m
     time of flight is                 t =    1.334     ns
     final momentum                    p =    1000.     MeV/c
     final phase (cavity 1)      phi_end =    0.000     deg
 --------------------------------------------------------------------------
 off axis tracking of the reference particle: 
     initial position                  z =  -6.9858E-06 m
                                       x =    8.292     mm
                                       y =    8.314     mm

     final position                    x =    7.951     mm
                                       y =    6.290     mm
     divergence                    px/pz =    4.095     mrad
                                   py/pz =   -16.81     mrad
 --------------------------------------------------------------------------
 tracking of     1000 particles :
     tracking will stop at             z =   0.4000     m

     space charge forces are INCLUDED
     cylindrical symmetric algorithm

     final checkpoint at               z =   0.4000     m
     total number of iteration steps:            40

     WARNING: average step size might be limited by output parameter Zemit


     **********************************************************************

     Particles taken into account      N =       1000
     total charge                      Q =     0.1000     nC
     horizontal beam position          x =    -0.2657     mm
     vertical beam position            y =    -7.7241E-02 mm
     longitudinal beam position        z =     0.4000     m
     horizontal beam size          sig x =      9.900     mm
     vertical beam size            sig y =      7.419     mm
     longitudinal beam size        sig z =     0.9965     mm
     average kinetic energy            E =      999.5     MeV
     energy spread                    dE =      1.052     keV
     average momentum                  P =      1000.     MeV/c
     transverse beam emittance     eps x =      4577.     pi mrad mm
     correlated divergence         cor x =      5.079     mrad 
     transverse beam emittance     eps y =      4612.     pi mrad mm
     correlated divergence         cor y =     -19.91     mrad
     longitudinal beam emittance   eps z =      1.048     pi keV mm
     correlated energy spread      cor z =     4.8905E-02 keV
     emittance ratio eps y/eps x         =     0.9924    
     Reduced emittances: 
     hor. emittance minus z correlation:         =      4279.     pi mrad mm
     hor. emittance minus z & E correlation:     =      4255.     pi mrad mm
     ver. emittance minus z correlation:         =      4267.     pi mrad mm
     ver. emittance minus z & E correlation:     =      4267.     pi mrad mm
     long. emitance minus 2nd order corr.:       =      1.047     pi keV mm
     long. emitance minus 2nd & 3rd order corr.: =      1.047     pi keV mm

     Particle Statistics: 


     Total number of particles on stack     =       1000
     Positrons                              =       1000
     particles at the cathode               =          0
     active particles                       =       1000
     passive particles (lost out of bunch)  =          0
     probe particles                        =          0
     backward traveling particles           =          0
     particles lost with z<Zmin             =          0
     particles lost due to cathode field    =          0
     particles lost on aperture             =          0

     Tracking ended with     4 warning(s)


     **********************************************************************

     Emittance information saved to file    : FODO.Xemit.001                
     Emittance information saved to file    : FODO.Yemit.001                
     Emittance information saved to file    : FODO.Zemit.001                
     Ref. part. information saved to file   : FODO.ref.001                  
     Phase-space distributions logged in    : FODO.Log.001                  
     Correlation data saved to file         : FODO.Xemit2.001               
     Correlation data saved to file         : FODO.Yemit2.001               
     Correlation data saved to file         : FODO.Zemit2.001               

     **********************************************************************

     Error results saved to file            : FODO.Error.001                

     finished simulation   1. 9.2025      5:29
     execution time:  0.24 sec                         
     Goodbye.
 --------------------------------------------------------------------------
